Build started 2/2/2013 5:12:02 PM.
     1>Project "C:\Projects\Tetris\Tetris\Tetris\Tetris.vcxproj" on node 2 (build target(s)).
     1>InitializeBuildStatus:
         Creating "Release\Tetris.unsuccessfulbuild" because "AlwaysCreate" was specified.
       ClCompile:
         C:\Program Files (x86)\Microsoft Visual Studio 10.0\VC\bin\CL.exe /c /I"C:\allegro\allegro-5.0.8-msvc-10.0\include" /Zi /nologo /W3 /WX- /O2 /Oi /Oy- /GL /D WIN32 /D NDEBUG /D _WINDOWS /D _UNICODE /D UNICODE /Gm- /EHsc /MD /GS /Gy /fp:precise /Zc:wchar_t /Zc:forScope /Fo"Release\\" /Fd"Release\vc100.pdb" /Gd /TP /analyze- /errorReport:prompt Block.cpp Grid.cpp Main.cpp Piece.cpp
         Block.cpp
         Grid.cpp
     1>Grid.cpp(53): warning C4018: '<' : signed/unsigned mismatch
     1>Grid.cpp(102): warning C4018: '<' : signed/unsigned mismatch
     1>Grid.cpp(211): warning C4018: '<' : signed/unsigned mismatch
         Main.cpp
     1>Main.cpp(91): warning C4018: '<' : signed/unsigned mismatch
         Piece.cpp
       Link:
         C:\Program Files (x86)\Microsoft Visual Studio 10.0\VC\bin\link.exe /ERRORREPORT:PROMPT /OUT:"C:\Projects\Tetris\Tetris\Release\Tetris.exe" /INCREMENTAL:NO /NOLOGO /LIBPATH:"C:\allegro\allegro-5.0.8-msvc-10.0\lib" "allegro-5.0.8-monolith-md.lib" kernel32.lib user32.lib gdi32.lib winspool.lib comdlg32.lib advapi32.lib shell32.lib ole32.lib oleaut32.lib uuid.lib odbc32.lib odbccp32.lib /MANIFEST /ManifestFile:"Release\Tetris.exe.intermediate.manifest" /MANIFESTUAC:"level='asInvoker' uiAccess='false'" /DEBUG /PDB:"C:\Projects\Tetris\Tetris\Release\Tetris.pdb" /SUBSYSTEM:WINDOWS /OPT:REF /OPT:ICF /LTCG /TLBID:1 /DYNAMICBASE /NXCOMPAT /IMPLIB:"C:\Projects\Tetris\Tetris\Release\Tetris.lib" /MACHINE:X86 Release\Block.obj
         Release\Grid.obj
         Release\Main.obj
         Release\Piece.obj
         Generating code
         Finished generating code
         Tetris.vcxproj -> C:\Projects\Tetris\Tetris\Release\Tetris.exe
       Manifest:
         C:\Program Files (x86)\Microsoft SDKs\Windows\v7.0A\bin\mt.exe /nologo /verbose /outputresource:"C:\Projects\Tetris\Tetris\Release\Tetris.exe;#1" /manifest Release\Tetris.exe.intermediate.manifest
       FinalizeBuildStatus:
         Deleting file "Release\Tetris.unsuccessfulbuild".
         Touching "Release\Tetris.lastbuildstate".
     1>Done Building Project "C:\Projects\Tetris\Tetris\Tetris\Tetris.vcxproj" (build target(s)).

Build succeeded.

Time Elapsed 00:00:02.33
